# JRE version: OpenJDK Runtime Environment (8.0_265-b01) (build 1.8.0_265-b01)
# Java VM: OpenJDK 64-Bit Server VM (25.265-b01 mixed mode windows-amd64 compressed oops)
Heap:
 PSYoungGen      total 356864K, used 26752K [0x000000076b400000, 0x0000000789580000, 0x00000007c0000000)
  eden space 307200K, 0% used [0x000000076b400000,0x000000076b400000,0x000000077e000000)
  from space 49664K, 53% used [0x000000077e000000,0x000000077fa20000,0x0000000781080000)
  to   space 43520K, 0% used [0x0000000786b00000,0x0000000786b00000,0x0000000789580000)
 ParOldGen       total 136704K, used 113603K [0x00000006c1c00000, 0x00000006ca180000, 0x000000076b400000)
  object space 136704K, 83% used [0x00000006c1c00000,0x00000006c8af0ef0,0x00000006ca180000)
 Metaspace       used 43980K, capacity 46378K, committed 46720K, reserved 1089536K
  class space    used 5170K, capacity 6178K, committed 6272K, reserved 1048576K
GC Heap History (10 events):
Event: 16.647 GC heap after
Heap after GC invocations=15 (full 2):
 PSYoungGen      total 356864K, used 1664K [0x000000076b400000, 0x0000000784100000, 0x00000007c0000000)
  eden space 307200K, 0% used [0x000000076b400000,0x000000076b400000,0x000000077e000000)
  from space 49664K, 3% used [0x000000077e000000,0x000000077e1a0000,0x0000000781080000)
  to   space 49664K, 0% used [0x0000000781080000,0x0000000781080000,0x0000000784100000)
 ParOldGen       total 136704K, used 105423K [0x00000006c1c00000, 0x00000006ca180000, 0x000000076b400000)
  object space 136704K, 77% used [0x00000006c1c00000,0x00000006c82f3e90,0x00000006ca180000)
 Metaspace       used 42454K, capacity 44908K, committed 45312K, reserved 1089536K
  class space    used 5038K, capacity 6075K, committed 6144K, reserved 1048576K
}
Event: 16.923 GC heap before
{Heap before GC invocations=16 (full 2):
 PSYoungGen      total 356864K, used 308864K [0x000000076b400000, 0x0000000784100000, 0x00000007c0000000)
  eden space 307200K, 100% used [0x000000076b400000,0x000000077e000000,0x000000077e000000)
  from space 49664K, 3% used [0x000000077e000000,0x000000077e1a0000,0x0000000781080000)
  to   space 49664K, 0% used [0x0000000781080000,0x0000000781080000,0x0000000784100000)
 ParOldGen       total 136704K, used 105423K [0x00000006c1c00000, 0x00000006ca180000, 0x000000076b400000)
  object space 136704K, 77% used [0x00000006c1c00000,0x00000006c82f3e90,0x00000006ca180000)
 Metaspace       used 42471K, capacity 44908K, committed 45312K, reserved 1089536K
  class space    used 5038K, capacity 6075K, committed 6144K, reserved 1048576K
Event: 16.926 GC heap after
Heap after GC invocations=16 (full 2):
 PSYoungGen      total 356864K, used 1504K [0x000000076b400000, 0x0000000784100000, 0x00000007c0000000)
  eden space 307200K, 0% used [0x000000076b400000,0x000000076b400000,0x000000077e000000)
  from space 49664K, 3% used [0x0000000781080000,0x00000007811f8000,0x0000000784100000)
  to   space 49664K, 0% used [0x000000077e000000,0x000000077e000000,0x0000000781080000)
 ParOldGen       total 136704K, used 105791K [0x00000006c1c00000, 0x00000006ca180000, 0x000000076b400000)
  object space 136704K, 77% used [0x00000006c1c00000,0x00000006c834fe90,0x00000006ca180000)
 Metaspace       used 42471K, capacity 44908K, committed 45312K, reserved 1089536K
  class space    used 5038K, capacity 6075K, committed 6144K, reserved 1048576K
}
Event: 17.959 GC heap before
{Heap before GC invocations=17 (full 2):
 PSYoungGen      total 356864K, used 308704K [0x000000076b400000, 0x0000000784100000, 0x00000007c0000000)
  eden space 307200K, 100% used [0x000000076b400000,0x000000077e000000,0x000000077e000000)
  from space 49664K, 3% used [0x0000000781080000,0x00000007811f8000,0x0000000784100000)
  to   space 49664K, 0% used [0x000000077e000000,0x000000077e000000,0x0000000781080000)
 ParOldGen       total 136704K, used 105791K [0x00000006c1c00000, 0x00000006ca180000, 0x000000076b400000)
  object space 136704K, 77% used [0x00000006c1c00000,0x00000006c834fe90,0x00000006ca180000)
 Metaspace       used 43559K, capacity 46026K, committed 46464K, reserved 1089536K
  class space    used 5135K, capacity 6146K, committed 6272K, reserved 1048576K
Event: 17.965 GC heap after
Heap after GC invocations=17 (full 2):
 PSYoungGen      total 356864K, used 6245K [0x000000076b400000, 0x0000000784100000, 0x00000007c0000000)
  eden space 307200K, 0% used [0x000000076b400000,0x000000076b400000,0x000000077e000000)
  from space 49664K, 12% used [0x000000077e000000,0x000000077e6197e8,0x0000000781080000)
  to   space 49664K, 0% used [0x0000000781080000,0x0000000781080000,0x0000000784100000)
 ParOldGen       total 136704K, used 106815K [0x00000006c1c00000, 0x00000006ca180000, 0x000000076b400000)
  object space 136704K, 78% used [0x00000006c1c00000,0x00000006c844fe90,0x00000006ca180000)
 Metaspace       used 43559K, capacity 46026K, committed 46464K, reserved 1089536K
  class space    used 5135K, capacity 6146K, committed 6272K, reserved 1048576K
}
Event: 18.413 GC heap before
{Heap before GC invocations=18 (full 2):
 PSYoungGen      total 356864K, used 313445K [0x000000076b400000, 0x0000000784100000, 0x00000007c0000000)
  eden space 307200K, 100% used [0x000000076b400000,0x000000077e000000,0x000000077e000000)
  from space 49664K, 12% used [0x000000077e000000,0x000000077e6197e8,0x0000000781080000)
  to   space 49664K, 0% used [0x0000000781080000,0x0000000781080000,0x0000000784100000)
 ParOldGen       total 136704K, used 106815K [0x00000006c1c00000, 0x00000006ca180000, 0x000000076b400000)
  object space 136704K, 78% used [0x00000006c1c00000,0x00000006c844fe90,0x00000006ca180000)
 Metaspace       used 43643K, capacity 46090K, committed 46464K, reserved 1089536K
  class space    used 5137K, capacity 6146K, committed 6272K, reserved 1048576K
Event: 18.423 GC heap after
Heap after GC invocations=18 (full 2):
 PSYoungGen      total 356864K, used 2656K [0x000000076b400000, 0x0000000784100000, 0x00000007c0000000)
  eden space 307200K, 0% used [0x000000076b400000,0x000000076b400000,0x000000077e000000)
  from space 49664K, 5% used [0x0000000781080000,0x0000000781318000,0x0000000784100000)
  to   space 49664K, 0% used [0x000000077e000000,0x000000077e000000,0x0000000781080000)
 ParOldGen       total 136704K, used 111483K [0x00000006c1c00000, 0x00000006ca180000, 0x000000076b400000)
  object space 136704K, 81% used [0x00000006c1c00000,0x00000006c88deef0,0x00000006ca180000)
 Metaspace       used 43643K, capacity 46090K, committed 46464K, reserved 1089536K
  class space    used 5137K, capacity 6146K, committed 6272K, reserved 1048576K
}
Event: 18.804 GC heap before
{Heap before GC invocations=19 (full 2):
 PSYoungGen      total 356864K, used 309856K [0x000000076b400000, 0x0000000784100000, 0x00000007c0000000)
  eden space 307200K, 100% used [0x000000076b400000,0x000000077e000000,0x000000077e000000)
  from space 49664K, 5% used [0x0000000781080000,0x0000000781318000,0x0000000784100000)
  to   space 49664K, 0% used [0x000000077e000000,0x000000077e000000,0x0000000781080000)
 ParOldGen       total 136704K, used 111483K [0x00000006c1c00000, 0x00000006ca180000, 0x000000076b400000)
  object space 136704K, 81% used [0x00000006c1c00000,0x00000006c88deef0,0x00000006ca180000)
 Metaspace       used 43980K, capacity 46378K, committed 46720K, reserved 1089536K
  class space    used 5170K, capacity 6178K, committed 6272K, reserved 1048576K
Event: 18.835 GC heap after
Heap after GC invocations=19 (full 2):
 PSYoungGen      total 356864K, used 26752K [0x000000076b400000, 0x0000000789580000, 0x00000007c0000000)
  eden space 307200K, 0% used [0x000000076b400000,0x000000076b400000,0x000000077e000000)
  from space 49664K, 53% used [0x000000077e000000,0x000000077fa20000,0x0000000781080000)
  to   space 43520K, 0% used [0x0000000786b00000,0x0000000786b00000,0x0000000789580000)
 ParOldGen       total 136704K, used 113603K [0x00000006c1c00000, 0x00000006ca180000, 0x000000076b400000)
  object space 136704K, 83% used [0x00000006c1c00000,0x00000006c8af0ef0,0x00000006ca180000)
 Metaspace       used 43980K, capacity 46378K, committed 46720K, reserved 1089536K
  class space    used 5170K, capacity 6178K, committed 6272K, reserved 1048576K
}
Event: 18.835 GC heap before
{Heap before GC invocations=20 (full 3):
 PSYoungGen      total 356864K, used 26752K [0x000000076b400000, 0x0000000789580000, 0x00000007c0000000)
  eden space 307200K, 0% used [0x000000076b400000,0x000000076b400000,0x000000077e000000)
  from space 49664K, 53% used [0x000000077e000000,0x000000077fa20000,0x0000000781080000)
  to   space 43520K, 0% used [0x0000000786b00000,0x0000000786b00000,0x0000000789580000)
 ParOldGen       total 136704K, used 113603K [0x00000006c1c00000, 0x00000006ca180000, 0x000000076b400000)
  object space 136704K, 83% used [0x00000006c1c00000,0x00000006c8af0ef0,0x00000006ca180000)
 Metaspace       used 43980K, capacity 46378K, committed 46720K, reserved 1089536K
  class space    used 5170K, capacity 6178K, committed 6272K, reserved 1048576K

